This file contains any messages produced by compilers while
running configure, to aid debugging if configure makes a mistake.

It was created by mellow-panda configure 1.0.1, which was
generated by GNU Autoconf 2.65.  Invocation command line was

  $ ./configure 

## --------- ##
## Platform. ##
## --------- ##

hostname = cornfed
uname -m = i686
uname -r = 2.6.32-45-generic
uname -s = Linux
uname -v = #102-Ubuntu SMP Wed Jan 2 21:53:06 UTC 2013

/usr/bin/uname -p = unknown
/bin/uname -X     = unknown

/bin/arch              = unknown
/usr/bin/arch -k       = unknown
/usr/convex/getsysinfo = unknown
/usr/bin/hostinfo      = unknown
/bin/machine           = unknown
/usr/bin/oslevel       = unknown
/bin/universe          = unknown

PATH: /home/gsc/local/amazon/ec2-api-tools-1.3-36506/bin
PATH: /home/gsc/local/jdk/jdk1.6.0_17/bin
PATH: /home/gsc/local/bin
PATH: /usr/local/sbin
PATH: /usr/local/bin
PATH: /usr/sbin
PATH: /usr/bin
PATH: /sbin
PATH: /bin
PATH: /usr/games
PATH: /home/gsc/local/jtool/apache-ant-1.8.4/bin
PATH: /home/gsc/android/android-sdk-linux/tools
PATH: /home/gsc/android/android-sdk-linux/platform-tools
PATH: /home/gsc/android/android-ndk-r8b


## ----------- ##
## Core tests. ##
## ----------- ##

configure:2081: checking for a BSD-compatible install
configure:2149: result: /usr/bin/install -c
configure:2160: checking whether build environment is sane
configure:2210: result: yes
configure:2351: checking for a thread-safe mkdir -p
configure:2390: result: /bin/mkdir -p
configure:2403: checking for gawk
configure:2419: found /usr/bin/gawk
configure:2430: result: gawk
configure:2441: checking whether make sets $(MAKE)
configure:2463: result: yes
configure:2597: checking for gcc
configure:2613: found /usr/bin/gcc
configure:2624: result: gcc
configure:2853: checking for C compiler version
configure:2862: gcc --version >&5
gcc (Ubuntu 4.4.3-4ubuntu5.1) 4.4.3
Copyright (C) 2009 Free Software Foundation, Inc.
This is free software; see the source for copying conditions.  There is NO
warranty; not even for MERCHANTABILITY or FITNESS FOR A PARTICULAR PURPOSE.

configure:2873: $? = 0
configure:2862: gcc -v >&5
Using built-in specs.
Target: i486-linux-gnu
Configured with: ../src/configure -v --with-pkgversion='Ubuntu 4.4.3-4ubuntu5.1' --with-bugurl=file:///usr/share/doc/gcc-4.4/README.Bugs --enable-languages=c,c++,fortran,objc,obj-c++ --prefix=/usr --enable-shared --enable-multiarch --enable-linker-build-id --with-system-zlib --libexecdir=/usr/lib --without-included-gettext --enable-threads=posix --with-gxx-include-dir=/usr/include/c++/4.4 --program-suffix=-4.4 --enable-nls --enable-clocale=gnu --enable-libstdcxx-debug --enable-plugin --enable-objc-gc --enable-targets=all --disable-werror --with-arch-32=i486 --with-tune=generic --enable-checking=release --build=i486-linux-gnu --host=i486-linux-gnu --target=i486-linux-gnu
Thread model: posix
gcc version 4.4.3 (Ubuntu 4.4.3-4ubuntu5.1) 
configure:2873: $? = 0
configure:2862: gcc -V >&5
gcc: '-V' option must have argument
configure:2873: $? = 1
configure:2862: gcc -qversion >&5
gcc: unrecognized option '-qversion'
gcc: no input files
configure:2873: $? = 1
configure:2893: checking whether the C compiler works
configure:2915: gcc -DCONFIGURATION_DIRECTORY=\"${sysconfdir}\"   conftest.c  >&5
<command-line>: warning: missing terminating " character
configure:2919: $? = 0
configure:2968: result: yes
configure:2971: checking for C compiler default output file name
configure:2973: result: a.out
configure:2979: checking for suffix of executables
configure:2986: gcc -o conftest -DCONFIGURATION_DIRECTORY=\"${sysconfdir}\"   conftest.c  >&5
<command-line>: warning: missing terminating " character
configure:2990: $? = 0
configure:3012: result: 
configure:3034: checking whether we are cross compiling
configure:3042: gcc -o conftest -DCONFIGURATION_DIRECTORY=\"${sysconfdir}\"   conftest.c  >&5
<command-line>: warning: missing terminating " character
configure:3046: $? = 0
configure:3053: ./conftest
configure:3057: $? = 0
configure:3072: result: no
configure:3077: checking for suffix of object files
configure:3099: gcc -c -DCONFIGURATION_DIRECTORY=\"${sysconfdir}\"  conftest.c >&5
<command-line>: warning: missing terminating " character
configure:3103: $? = 0
configure:3124: result: o
configure:3128: checking whether we are using the GNU C compiler
configure:3147: gcc -c -DCONFIGURATION_DIRECTORY=\"${sysconfdir}\"  conftest.c >&5
<command-line>: warning: missing terminating " character
configure:3147: $? = 0
configure:3156: result: yes
configure:3165: checking whether gcc accepts -g
configure:3185: gcc -c -g  conftest.c >&5
configure:3185: $? = 0
configure:3226: result: yes
configure:3243: checking for gcc option to accept ISO C89
configure:3307: gcc  -c -DCONFIGURATION_DIRECTORY=\"${sysconfdir}\"  conftest.c >&5
<command-line>: warning: missing terminating " character
configure:3307: $? = 0
configure:3320: result: none needed
configure:3351: checking for style of include used by make
configure:3379: result: GNU
configure:3404: checking dependency style of gcc
configure:3514: result: gcc3
configure:3536: checking how to run the C preprocessor
configure:3567: gcc -E  conftest.c
configure:3567: $? = 0
configure:3581: gcc -E  conftest.c
conftest.c:11:28: error: ac_nonexistent.h: No such file or directory
configure:3581: $? = 1
configure: failed program was:
| /* confdefs.h */
| #define PACKAGE_NAME "mellow-panda"
| #define PACKAGE_TARNAME "mellow-panda"
| #define PACKAGE_VERSION "1.0.1"
| #define PACKAGE_STRING "mellow-panda 1.0.1"
| #define PACKAGE_BUGREPORT "Guy Cole guycole@gmail.com"
| #define PACKAGE_URL ""
| #define PACKAGE "mellow-panda"
| #define VERSION "1.0.1"
| /* end confdefs.h.  */
| #include <ac_nonexistent.h>
configure:3606: result: gcc -E
configure:3626: gcc -E  conftest.c
configure:3626: $? = 0
configure:3640: gcc -E  conftest.c
conftest.c:11:28: error: ac_nonexistent.h: No such file or directory
configure:3640: $? = 1
configure: failed program was:
| /* confdefs.h */
| #define PACKAGE_NAME "mellow-panda"
| #define PACKAGE_TARNAME "mellow-panda"
| #define PACKAGE_VERSION "1.0.1"
| #define PACKAGE_STRING "mellow-panda 1.0.1"
| #define PACKAGE_BUGREPORT "Guy Cole guycole@gmail.com"
| #define PACKAGE_URL ""
| #define PACKAGE "mellow-panda"
| #define VERSION "1.0.1"
| /* end confdefs.h.  */
| #include <ac_nonexistent.h>
configure:3669: checking for grep that handles long lines and -e
configure:3727: result: /bin/grep
configure:3732: checking for egrep
configure:3794: result: /bin/grep -E
configure:3799: checking for ANSI C header files
configure:3819: gcc -c -DCONFIGURATION_DIRECTORY=\"${sysconfdir}\"  conftest.c >&5
<command-line>: warning: missing terminating " character
configure:3819: $? = 0
configure:3892: gcc -o conftest -DCONFIGURATION_DIRECTORY=\"${sysconfdir}\"   conftest.c  >&5
<command-line>: warning: missing terminating " character
configure:3892: $? = 0
configure:3892: ./conftest
configure:3892: $? = 0
configure:3903: result: yes
configure:3916: checking for sys/types.h
configure:3916: gcc -c -DCONFIGURATION_DIRECTORY=\"${sysconfdir}\"  conftest.c >&5
<command-line>: warning: missing terminating " character
configure:3916: $? = 0
configure:3916: result: yes
configure:3916: checking for sys/stat.h
configure:3916: gcc -c -DCONFIGURATION_DIRECTORY=\"${sysconfdir}\"  conftest.c >&5
<command-line>: warning: missing terminating " character
configure:3916: $? = 0
configure:3916: result: yes
configure:3916: checking for stdlib.h
configure:3916: gcc -c -DCONFIGURATION_DIRECTORY=\"${sysconfdir}\"  conftest.c >&5
<command-line>: warning: missing terminating " character
configure:3916: $? = 0
configure:3916: result: yes
configure:3916: checking for string.h
configure:3916: gcc -c -DCONFIGURATION_DIRECTORY=\"${sysconfdir}\"  conftest.c >&5
<command-line>: warning: missing terminating " character
configure:3916: $? = 0
configure:3916: result: yes
configure:3916: checking for memory.h
configure:3916: gcc -c -DCONFIGURATION_DIRECTORY=\"${sysconfdir}\"  conftest.c >&5
<command-line>: warning: missing terminating " character
configure:3916: $? = 0
configure:3916: result: yes
configure:3916: checking for strings.h
configure:3916: gcc -c -DCONFIGURATION_DIRECTORY=\"${sysconfdir}\"  conftest.c >&5
<command-line>: warning: missing terminating " character
configure:3916: $? = 0
configure:3916: result: yes
configure:3916: checking for inttypes.h
configure:3916: gcc -c -DCONFIGURATION_DIRECTORY=\"${sysconfdir}\"  conftest.c >&5
<command-line>: warning: missing terminating " character
configure:3916: $? = 0
configure:3916: result: yes
configure:3916: checking for stdint.h
configure:3916: gcc -c -DCONFIGURATION_DIRECTORY=\"${sysconfdir}\"  conftest.c >&5
<command-line>: warning: missing terminating " character
configure:3916: $? = 0
configure:3916: result: yes
configure:3916: checking for unistd.h
configure:3916: gcc -c -DCONFIGURATION_DIRECTORY=\"${sysconfdir}\"  conftest.c >&5
<command-line>: warning: missing terminating " character
configure:3916: $? = 0
configure:3916: result: yes
configure:3930: checking minix/config.h usability
configure:3930: gcc -c -DCONFIGURATION_DIRECTORY=\"${sysconfdir}\"  conftest.c >&5
<command-line>: warning: missing terminating " character
conftest.c:54:26: error: minix/config.h: No such file or directory
configure:3930: $? = 1
configure: failed program was:
| /* confdefs.h */
| #define PACKAGE_NAME "mellow-panda"
| #define PACKAGE_TARNAME "mellow-panda"
| #define PACKAGE_VERSION "1.0.1"
| #define PACKAGE_STRING "mellow-panda 1.0.1"
| #define PACKAGE_BUGREPORT "Guy Cole guycole@gmail.com"
| #define PACKAGE_URL ""
| #define PACKAGE "mellow-panda"
| #define VERSION "1.0.1"
| #define STDC_HEADERS 1
| #define HAVE_SYS_TYPES_H 1
| #define HAVE_SYS_STAT_H 1
| #define HAVE_STDLIB_H 1
| #define HAVE_STRING_H 1
| #define HAVE_MEMORY_H 1
| #define HAVE_STRINGS_H 1
| #define HAVE_INTTYPES_H 1
| #define HAVE_STDINT_H 1
| #define HAVE_UNISTD_H 1
| /* end confdefs.h.  */
| #include <stdio.h>
| #ifdef HAVE_SYS_TYPES_H
| # include <sys/types.h>
| #endif
| #ifdef HAVE_SYS_STAT_H
| # include <sys/stat.h>
| #endif
| #ifdef STDC_HEADERS
| # include <stdlib.h>
| # include <stddef.h>
| #else
| # ifdef HAVE_STDLIB_H
| #  include <stdlib.h>
| # endif
| #endif
| #ifdef HAVE_STRING_H
| # if !defined STDC_HEADERS && defined HAVE_MEMORY_H
| #  include <memory.h>
| # endif
| # include <string.h>
| #endif
| #ifdef HAVE_STRINGS_H
| # include <strings.h>
| #endif
| #ifdef HAVE_INTTYPES_H
| # include <inttypes.h>
| #endif
| #ifdef HAVE_STDINT_H
| # include <stdint.h>
| #endif
| #ifdef HAVE_UNISTD_H
| # include <unistd.h>
| #endif
| #include <minix/config.h>
configure:3930: result: no
configure:3930: checking minix/config.h presence
configure:3930: gcc -E  conftest.c
conftest.c:21:26: error: minix/config.h: No such file or directory
configure:3930: $? = 1
configure: failed program was:
| /* confdefs.h */
| #define PACKAGE_NAME "mellow-panda"
| #define PACKAGE_TARNAME "mellow-panda"
| #define PACKAGE_VERSION "1.0.1"
| #define PACKAGE_STRING "mellow-panda 1.0.1"
| #define PACKAGE_BUGREPORT "Guy Cole guycole@gmail.com"
| #define PACKAGE_URL ""
| #define PACKAGE "mellow-panda"
| #define VERSION "1.0.1"
| #define STDC_HEADERS 1
| #define HAVE_SYS_TYPES_H 1
| #define HAVE_SYS_STAT_H 1
| #define HAVE_STDLIB_H 1
| #define HAVE_STRING_H 1
| #define HAVE_MEMORY_H 1
| #define HAVE_STRINGS_H 1
| #define HAVE_INTTYPES_H 1
| #define HAVE_STDINT_H 1
| #define HAVE_UNISTD_H 1
| /* end confdefs.h.  */
| #include <minix/config.h>
configure:3930: result: no
configure:3930: checking for minix/config.h
configure:3930: result: no
configure:3951: checking whether it is safe to define __EXTENSIONS__
configure:3969: gcc -c -DCONFIGURATION_DIRECTORY=\"${sysconfdir}\"  conftest.c >&5
<command-line>: warning: missing terminating " character
configure:3969: $? = 0
configure:3976: result: yes
configure:3991: checking for library containing strerror
configure:4022: gcc -o conftest -DCONFIGURATION_DIRECTORY=\"${sysconfdir}\"   conftest.c  >&5
<command-line>: warning: missing terminating " character
configure:4022: $? = 0
configure:4039: result: none required
configure:4048: checking for ANSI C header files
configure:4152: result: yes
configure:4203: checking for ranlib
configure:4219: found /usr/bin/ranlib
configure:4230: result: ranlib
configure:4374: creating ./config.status

## ---------------------- ##
## Running config.status. ##
## ---------------------- ##

This file was extended by mellow-panda config.status 1.0.1, which was
generated by GNU Autoconf 2.65.  Invocation command line was

  CONFIG_FILES    = 
  CONFIG_HEADERS  = 
  CONFIG_LINKS    = 
  CONFIG_COMMANDS = 
  $ ./config.status 

on cornfed

config.status:862: creating Makefile
config.status:862: creating README
config.status:862: creating demo/Makefile
config.status:862: creating doc/Makefile
config.status:862: creating m4/Makefile
config.status:862: creating src/Makefile
config.status:862: creating config.h
config.status:1082: executing depfiles commands

## ---------------- ##
## Cache variables. ##
## ---------------- ##

ac_cv_c_compiler_gnu=yes
ac_cv_env_CC_set=
ac_cv_env_CC_value=
ac_cv_env_CFLAGS_set=
ac_cv_env_CFLAGS_value=
ac_cv_env_CPPFLAGS_set=
ac_cv_env_CPPFLAGS_value=
ac_cv_env_CPP_set=
ac_cv_env_CPP_value=
ac_cv_env_LDFLAGS_set=
ac_cv_env_LDFLAGS_value=
ac_cv_env_LIBS_set=
ac_cv_env_LIBS_value=
ac_cv_env_build_alias_set=
ac_cv_env_build_alias_value=
ac_cv_env_host_alias_set=
ac_cv_env_host_alias_value=
ac_cv_env_target_alias_set=
ac_cv_env_target_alias_value=
ac_cv_header_inttypes_h=yes
ac_cv_header_memory_h=yes
ac_cv_header_minix_config_h=no
ac_cv_header_stdc=yes
ac_cv_header_stdint_h=yes
ac_cv_header_stdlib_h=yes
ac_cv_header_string_h=yes
ac_cv_header_strings_h=yes
ac_cv_header_sys_stat_h=yes
ac_cv_header_sys_types_h=yes
ac_cv_header_unistd_h=yes
ac_cv_objext=o
ac_cv_path_EGREP='/bin/grep -E'
ac_cv_path_GREP=/bin/grep
ac_cv_path_install='/usr/bin/install -c'
ac_cv_path_mkdir=/bin/mkdir
ac_cv_prog_AWK=gawk
ac_cv_prog_CPP='gcc -E'
ac_cv_prog_ac_ct_CC=gcc
ac_cv_prog_ac_ct_RANLIB=ranlib
ac_cv_prog_cc_c89=
ac_cv_prog_cc_g=yes
ac_cv_prog_make_make_set=yes
ac_cv_safe_to_define___extensions__=yes
ac_cv_search_strerror='none required'
am_cv_CC_dependencies_compiler_type=gcc3

## ----------------- ##
## Output variables. ##
## ----------------- ##

ACLOCAL='${SHELL} /home/gsc/git/mellow/MellowPanda/panda1a/trunk/pandad/config/missing --run aclocal-1.11'
AMDEPBACKSLASH='\'
AMDEP_FALSE='#'
AMDEP_TRUE=''
AMTAR='${SHELL} /home/gsc/git/mellow/MellowPanda/panda1a/trunk/pandad/config/missing --run tar'
AUTOCONF='${SHELL} /home/gsc/git/mellow/MellowPanda/panda1a/trunk/pandad/config/missing --run autoconf'
AUTOHEADER='${SHELL} /home/gsc/git/mellow/MellowPanda/panda1a/trunk/pandad/config/missing --run autoheader'
AUTOMAKE='${SHELL} /home/gsc/git/mellow/MellowPanda/panda1a/trunk/pandad/config/missing --run automake-1.11'
AWK='gawk'
CC='gcc'
CCDEPMODE='depmode=gcc3'
CFLAGS='-DCONFIGURATION_DIRECTORY=\"${sysconfdir}\"'
CPP='gcc -E'
CPPFLAGS=''
CYGPATH_W='echo'
DEFS='-DHAVE_CONFIG_H'
DEPDIR='.deps'
ECHO_C=''
ECHO_N='-n'
ECHO_T=''
EGREP='/bin/grep -E'
EXEEXT=''
GREP='/bin/grep'
INSTALL_DATA='${INSTALL} -m 644'
INSTALL_PROGRAM='${INSTALL}'
INSTALL_SCRIPT='${INSTALL}'
INSTALL_STRIP_PROGRAM='$(install_sh) -c -s'
LDFLAGS=''
LIBOBJS=''
LIBS=''
LTLIBOBJS=''
MAKEINFO='${SHELL} /home/gsc/git/mellow/MellowPanda/panda1a/trunk/pandad/config/missing --run makeinfo'
MKDIR_P='/bin/mkdir -p'
OBJEXT='o'
PACKAGE='mellow-panda'
PACKAGE_BUGREPORT='Guy Cole guycole@gmail.com'
PACKAGE_NAME='mellow-panda'
PACKAGE_STRING='mellow-panda 1.0.1'
PACKAGE_TARNAME='mellow-panda'
PACKAGE_URL=''
PACKAGE_VERSION='1.0.1'
PATH_SEPARATOR=':'
RANLIB='ranlib'
SET_MAKE=''
SHELL='/bin/bash'
STRIP=''
VERSION='1.0.1'
ac_ct_CC='gcc'
am__EXEEXT_FALSE=''
am__EXEEXT_TRUE='#'
am__fastdepCC_FALSE='#'
am__fastdepCC_TRUE=''
am__include='include'
am__isrc=''
am__leading_dot='.'
am__quote=''
am__tar='${AMTAR} chof - "$$tardir"'
am__untar='${AMTAR} xf -'
bindir='${exec_prefix}/bin'
build_alias=''
datadir='${datarootdir}'
datarootdir='${prefix}/share'
docdir='${datarootdir}/doc/${PACKAGE_TARNAME}'
dvidir='${docdir}'
exec_prefix='${prefix}'
host_alias=''
htmldir='${docdir}'
includedir='${prefix}/include'
infodir='${datarootdir}/info'
install_sh='${SHELL} /home/gsc/git/mellow/MellowPanda/panda1a/trunk/pandad/config/install-sh'
libdir='${exec_prefix}/lib'
libexecdir='${exec_prefix}/libexec'
localedir='${datarootdir}/locale'
localstatedir='${prefix}/var'
mandir='${datarootdir}/man'
mkdir_p='/bin/mkdir -p'
oldincludedir='/usr/include'
pdfdir='${docdir}'
prefix='/usr/local'
program_transform_name='s,x,x,'
psdir='${docdir}'
sbindir='${exec_prefix}/sbin'
sharedstatedir='${prefix}/com'
sysconfdir='${prefix}/etc'
target_alias=''

## ----------- ##
## confdefs.h. ##
## ----------- ##

/* confdefs.h */
#define PACKAGE_NAME "mellow-panda"
#define PACKAGE_TARNAME "mellow-panda"
#define PACKAGE_VERSION "1.0.1"
#define PACKAGE_STRING "mellow-panda 1.0.1"
#define PACKAGE_BUGREPORT "Guy Cole guycole@gmail.com"
#define PACKAGE_URL ""
#define PACKAGE "mellow-panda"
#define VERSION "1.0.1"
#define STDC_HEADERS 1
#define HAVE_SYS_TYPES_H 1
#define HAVE_SYS_STAT_H 1
#define HAVE_STDLIB_H 1
#define HAVE_STRING_H 1
#define HAVE_MEMORY_H 1
#define HAVE_STRINGS_H 1
#define HAVE_INTTYPES_H 1
#define HAVE_STDINT_H 1
#define HAVE_UNISTD_H 1
#define __EXTENSIONS__ 1
#define _ALL_SOURCE 1
#define _GNU_SOURCE 1
#define _POSIX_PTHREAD_SEMANTICS 1
#define _TANDEM_SOURCE 1
#define STDC_HEADERS 1

configure: exit 0
